<?xml version="1.0" encoding="UTF-8"?>
<testsuite xmlns:xsi="http://www.w3.org/2001/XMLSchema-instance" xsi:noNamespaceSchemaLocation="https://maven.apache.org/surefire/maven-surefire-plugin/xsd/surefire-test-report.xsd" name="com.parkit.parkingsystem.unit.service.FareCalculatorServiceTest" time="0.733" tests="10" errors="0" skipped="0" failures="0">
  <properties>
[...]
</properties>
  <testcase name="calculateFareCarWithMoreThanADayParkingFrequentUser" classname="com.parkit.parkingsystem.unit.service.FareCalculatorServiceTest" time="0.012"/>
  <testcase name="calculateFareCarWithLessThanThirtyMinutesParkingTime" classname="com.parkit.parkingsystem.unit.service.FareCalculatorServiceTest" time="0.001"/>
  <testcase name="calculateFareNoType" classname="com.parkit.parkingsystem.unit.service.FareCalculatorServiceTest" time="0.002"/>
  <testcase name="calculateFareBikeFirstTimeUser" classname="com.parkit.parkingsystem.unit.service.FareCalculatorServiceTest" time="0.001"/>
  <testcase name="calculateFareBikeWithNoOutTime" classname="com.parkit.parkingsystem.unit.service.FareCalculatorServiceTest" time="0.001"/>
  <testcase name="calculateFareCarWithLessThanOneHourParkingTimeFirstTimeUser" classname="com.parkit.parkingsystem.unit.service.FareCalculatorServiceTest" time="0.001"/>
  <testcase name="calculateFareCarWithMoreThanADayParkingTimeFirstTimeUser" classname="com.parkit.parkingsystem.unit.service.FareCalculatorServiceTest" time="0.002"/>
  <testcase name="calculateFareCarFirstTimeUser" classname="com.parkit.parkingsystem.unit.service.FareCalculatorServiceTest" time="0.001"/>
  <testcase name="calculateFareBikeWithLessThanOneHourParkingTimeFirstTimeUser" classname="com.parkit.parkingsystem.unit.service.FareCalculatorServiceTest" time="0.001"/>
  <testcase name="calculateFareBikeWithFutureInTime" classname="com.parkit.parkingsystem.unit.service.FareCalculatorServiceTest" time="0.005"/>
</testsuite>